Línea 284: la clase TASLib.TasSerial del control TasSerial2 no era una clase de control cargada.
Línea 321: la clase TASLib.TasSerial del control TasSerial1 no era una clase de control cargada.
Línea 290: el nombre de la propiedad _Version de TasSerial2 no es válido.
Línea 291: el nombre de la propiedad _ExtentX de TasSerial2 no es válido.
Línea 292: el nombre de la propiedad _ExtentY de TasSerial2 no es válido.
Línea 293: el nombre de la propiedad _StockProps de TasSerial2 no es válido.
Línea 294: el nombre de la propiedad Caption de TasSerial2 no es válido.
Línea 304: el nombre de la propiedad ScanAutoTrigger de TasSerial2 no es válido.
Línea 305: el nombre de la propiedad DriverDataType de TasSerial2 no es válido.
Línea 306: el nombre de la propiedad CommPort de TasSerial2 no es válido.
Línea 307: el nombre de la propiedad CommDataBits de TasSerial2 no es válido.
Línea 308: el nombre de la propiedad CommParity de TasSerial2 no es válido.
Línea 309: el nombre de la propiedad CommBaudRate de TasSerial2 no es válido.
Línea 310: el nombre de la propiedad DriverErrorLimit de TasSerial2 no es válido.
Línea 311: el nombre de la propiedad DriverName de TasSerial2 no es válido.
Línea 312: el nombre de la propiedad DriverP0 de TasSerial2 no es válido.
Línea 313: el nombre de la propiedad DriverP1 de TasSerial2 no es válido.
Línea 314: el nombre de la propiedad DriverP2 de TasSerial2 no es válido.
Línea 327: el nombre de la propiedad _Version de TasSerial1 no es válido.
Línea 328: el nombre de la propiedad _ExtentX de TasSerial1 no es válido.
Línea 329: el nombre de la propiedad _ExtentY de TasSerial1 no es válido.
Línea 330: el nombre de la propiedad _StockProps de TasSerial1 no es válido.
Línea 331: el nombre de la propiedad Caption de TasSerial1 no es válido.
Línea 341: el nombre de la propiedad ScanActive de TasSerial1 no es válido.
Línea 342: el nombre de la propiedad ScanAutoTrigger de TasSerial1 no es válido.
Línea 343: el nombre de la propiedad DriverNumPoints de TasSerial1 no es válido.
Línea 344: el nombre de la propiedad CommPort de TasSerial1 no es válido.
Línea 345: el nombre de la propiedad CommDataBits de TasSerial1 no es válido.
Línea 346: el nombre de la propiedad CommParity de TasSerial1 no es válido.
Línea 347: el nombre de la propiedad CommStopBits de TasSerial1 no es válido.
Línea 348: el nombre de la propiedad CommBaudRate de TasSerial1 no es válido.
Línea 349: el nombre de la propiedad DriverErrorLimit de TasSerial1 no es válido.
Línea 350: el nombre de la propiedad ScanRate de TasSerial1 no es válido.
Línea 351: el nombre de la propiedad CommTimeout de TasSerial1 no es válido.
Línea 352: el nombre de la propiedad DriverName de TasSerial1 no es válido.
Línea 353: el nombre de la propiedad DriverP0 de TasSerial1 no es válido.
Línea 354: el nombre de la propiedad DriverP1 de TasSerial1 no es válido.
Línea 355: el nombre de la propiedad DriverP2 de TasSerial1 no es válido.
